<?xml version="1.0" encoding="UTF-8"?>
<!-- Generated by org.testng.reporters.JUnitReportReporter -->
<testsuite hostname="WKWIN8091077" failures="0" tests="2" name="AppTests.GoogleTest" time="0.009" errors="0" timestamp="07 Feb 2022 00:25:56 GMT" skipped="1">
  <testcase classname="AppTests.GoogleTest" name="verifyTitleTest" time="0.009"/>
  <testcase classname="AppTests.GoogleTest" name="searchTest">
    <skipped/>
  </testcase> <!-- searchTest -->
</testsuite> <!-- AppTests.GoogleTest -->
