<?xml version="1.0" encoding="UTF-8"?>
<!-- Generated by org.testng.reporters.JUnitReportReporter -->
<testsuite hostname="WKWIN8091077" failures="0" tests="6" name="myTest.EcomTest" time="0.014" errors="0" timestamp="01 Feb 2022 16:54:15 GMT" skipped="0">
  <testcase classname="myTest.EcomTest" name="m3Test" time="0.001"/>
  <testcase classname="myTest.EcomTest" name="m1Test" time="0.009"/>
  <testcase classname="myTest.EcomTest" name="m2Test" time="0.001"/>
  <testcase classname="myTest.EcomTest" name="loginTest" time="0.001"/>
  <testcase classname="myTest.EcomTest" name="searchPageTest" time="0.001"/>
  <testcase classname="myTest.EcomTest" name="homePageTest" time="0.001"/>
</testsuite> <!-- myTest.EcomTest -->
