<?xml version="1.0" encoding="UTF-8"?>
<!-- Generated by org.testng.reporters.JUnitReportReporter -->
<testsuite hostname="WKWIN8091077" failures="0" tests="3" name="myTest.OrangeHRMBMTest" time="21.026" errors="0" timestamp="01 Feb 2022 17:29:46 GMT" skipped="0">
  <testcase classname="myTest.OrangeHRMBMTest" name="logoTest" time="6.770"/>
  <testcase classname="myTest.OrangeHRMBMTest" name="ContactSLinkTest" time="8.651"/>
  <testcase classname="myTest.OrangeHRMBMTest" name="verifyTitleTest" time="5.605"/>
</testsuite> <!-- myTest.OrangeHRMBMTest -->
