<?xml version="1.0" encoding="UTF-8"?>
<!-- Generated by org.testng.reporters.JUnitReportReporter -->
<testsuite hostname="WKWIN8091077" failures="0" tests="3" name="myTest.LoginPageTest" time="0.012" errors="0" timestamp="02 Feb 2022 16:19:13 GMT" skipped="0">
  <testcase classname="myTest.LoginPageTest" name="loginTest" time="0.009"/>
  <testcase classname="myTest.LoginPageTest" name="loginTest" time="0.001"/>
  <testcase classname="myTest.LoginPageTest" name="loginTest" time="0.002"/>
</testsuite> <!-- myTest.LoginPageTest -->
