<?xml version="1.0" encoding="UTF-8"?>
<!-- Generated by org.testng.reporters.JUnitReportReporter -->
<testsuite hostname="WKWIN8091077" failures="0" tests="1" name="AppTests.OpenCartTest" time="0.030" errors="0" timestamp="07 Feb 2022 00:25:56 GMT" skipped="0">
  <testcase classname="AppTests.OpenCartTest" name="verifyTitleTest" time="0.030"/>
</testsuite> <!-- AppTests.OpenCartTest -->
