<?xml version="1.0" encoding="UTF-8"?>
<!-- Generated by org.testng.reporters.JUnitReportReporter -->
<testsuite hostname="WKWIN8091077" failures="0" tests="3" name="myTest.OrangeHRMTest" time="0.146" errors="0" timestamp="01 Feb 2022 17:27:49 GMT" skipped="0">
  <testcase classname="myTest.OrangeHRMTest" name="logoTest" time="0.067"/>
  <testcase classname="myTest.OrangeHRMTest" name="ContactSLinkTest" time="0.071"/>
  <testcase classname="myTest.OrangeHRMTest" name="verifyTitleTest" time="0.008"/>
</testsuite> <!-- myTest.OrangeHRMTest -->
