<?xml version="1.0" encoding="UTF-8"?>
<!-- Generated by org.testng.reporters.JUnitReportReporter -->
<testsuite hostname="WKWIN8091077" failures="0" tests="2" name="myTest.AppTest" time="0.009" errors="0" timestamp="01 Feb 2022 16:42:42 GMT" skipped="0">
  <testcase classname="myTest.AppTest" name="searchTest" time="0.002"/>
  <testcase classname="myTest.AppTest" name="homepageTest" time="0.007"/>
</testsuite> <!-- myTest.AppTest -->
