<?xml version="1.0" encoding="UTF-8"?>
<!-- Generated by org.testng.reporters.JUnitReportReporter -->
<testsuite hostname="WKWIN8091077" failures="0" tests="3" name="myTest.DependsOnMethodConcept" time="0.011" errors="0" timestamp="02 Feb 2022 04:42:21 GMT" skipped="0">
  <testcase classname="myTest.DependsOnMethodConcept" name="searchTest" time="0.001"/>
  <testcase classname="myTest.DependsOnMethodConcept" name="logintest" time="0.009"/>
  <testcase classname="myTest.DependsOnMethodConcept" name="homepageTest" time="0.001"/>
</testsuite> <!-- myTest.DependsOnMethodConcept -->
