<?xml version="1.0" encoding="UTF-8"?>
<!-- Generated by org.testng.reporters.JUnitReportReporter -->
<testsuite hostname="WKWIN8091077" failures="0" tests="10" name="myTest.invocationCountTest" time="0.014" errors="0" timestamp="02 Feb 2022 04:45:57 GMT" skipped="0">
  <testcase classname="myTest.invocationCountTest" name="login" time="0.007"/>
  <testcase classname="myTest.invocationCountTest" name="login" time="0.001"/>
  <testcase classname="myTest.invocationCountTest" name="login" time="0.001"/>
  <testcase classname="myTest.invocationCountTest" name="login" time="0.000"/>
  <testcase classname="myTest.invocationCountTest" name="login" time="0.000"/>
  <testcase classname="myTest.invocationCountTest" name="login" time="0.001"/>
  <testcase classname="myTest.invocationCountTest" name="login" time="0.001"/>
  <testcase classname="myTest.invocationCountTest" name="login" time="0.001"/>
  <testcase classname="myTest.invocationCountTest" name="login" time="0.001"/>
  <testcase classname="myTest.invocationCountTest" name="login" time="0.001"/>
</testsuite> <!-- myTest.invocationCountTest -->
